1586083340363	mozrunner::runner	INFO	Running command: "C:\\Program Files\\Mozilla Firefox\\firefox.exe" "-marionette" "-foreground" "-no-remote" "-profile" "C:\\Users\\billie\\AppData\\Local\\Temp\\rust_mozprofileuDxxdb"
1586083340822	addons.webextension.doh-rollout@mozilla.org	WARN	Loading extension 'doh-rollout@mozilla.org': Reading manifest: Invalid extension permission: networkStatus
1586083341163	addons.webextension.screenshots@mozilla.org	WARN	Loading extension 'screenshots@mozilla.org': Reading manifest: Invalid extension permission: mozillaAddons
1586083341163	addons.webextension.screenshots@mozilla.org	WARN	Loading extension 'screenshots@mozilla.org': Reading manifest: Invalid extension permission: telemetry
1586083341163	addons.webextension.screenshots@mozilla.org	WARN	Loading extension 'screenshots@mozilla.org': Reading manifest: Invalid extension permission: resource://pdf.js/
1586083341164	addons.webextension.screenshots@mozilla.org	WARN	Loading extension 'screenshots@mozilla.org': Reading manifest: Invalid extension permission: about:reader*
JavaScript error: resource://gre/modules/XULStore.jsm, line 66: Error: Can't find profile directory.
1586083342933	Marionette	INFO	Listening on port 49652
1586083343089	Marionette	WARN	TLS certificate errors will be ignored for this session
JavaScript warning: https://s3.music.126.net/web/s/core_92e2f959a68d86e9106fc1266ee33ccc.js?92e2f959a68d86e9106fc1266ee33ccc, line 94: unreachable code after return statement
JavaScript warning: https://s3.music.126.net/web/s/core_92e2f959a68d86e9106fc1266ee33ccc.js?92e2f959a68d86e9106fc1266ee33ccc, line 134: unreachable code after return statement
JavaScript warning: https://s3.music.126.net/web/s/core_92e2f959a68d86e9106fc1266ee33ccc.js?92e2f959a68d86e9106fc1266ee33ccc, line 94: unreachable code after return statement
JavaScript warning: https://s3.music.126.net/web/s/core_92e2f959a68d86e9106fc1266ee33ccc.js?92e2f959a68d86e9106fc1266ee33ccc, line 134: unreachable code after return statement
JavaScript error: resource:///actors/ContentMetaChild.jsm, line 167: InvalidStateError: An attempt was made to use an object that is not, or is no longer, usable
JavaScript warning: https://s3.music.126.net/web/s/core_92e2f959a68d86e9106fc1266ee33ccc.js?92e2f959a68d86e9106fc1266ee33ccc, line 94: unreachable code after return statement
JavaScript warning: https://s3.music.126.net/web/s/core_92e2f959a68d86e9106fc1266ee33ccc.js?92e2f959a68d86e9106fc1266ee33ccc, line 134: unreachable code after return statement
1586084372951	Marionette	INFO	Stopped listening on port 49652

###!!! [Child][MessageChannel::SendAndWait] Error: Channel error: cannot send/recv

ile" "C:\\Users\\billie\\AppData\\Local\\Temp\\rust_mozprofilee8Sy4P"
1586083667766	addons.webextension.doh-rollout@mozilla.org	WARN	Loading extension 'doh-rollout@mozilla.org': Reading manifest: Invalid extension permission: networkStatus
1586083668173	addons.webextension.screenshots@mozilla.org	WARN	Loading extension 'screenshots@mozilla.org': Reading manifest: Invalid extension permission: mozillaAddons
1586083668173	addons.webextension.screenshots@mozilla.org	WARN	Loading extension 'screenshots@mozilla.org': Reading manifest: Invalid extension permission: telemetry
1586083668173	addons.webextension.screenshots@mozilla.org	WARN	Loading extension 'screenshots@mozilla.org': Reading manifest: Invalid extension permission: resource://pdf.js/
1586083668173	addons.webextension.screenshots@mozilla.org	WARN	Loading extension 'screenshots@mozilla.org': Reading manifest: Invalid extension permission: about:reader*
JavaScript error: resource://gre/modules/XULStore.jsm, line 66: Error: Can't find profile directory.
1586083669684	Marionette	INFO	Listening on port 50625
1586083670162	Marionette	WARN	TLS certificate errors will be ignored for this session
JavaScript warning: https://s3.music.126.net/web/s/core_92e2f959a68d86e9106fc1266ee33ccc.js?92e2f959a68d86e9106fc1266ee33ccc, line 94: unreachable code after return statement
JavaScript warning: https://s3.music.126.net/web/s/core_92e2f959a68d86e9106fc1266ee33ccc.js?92e2f959a68d86e9106fc1266ee33ccc, line 134: unreachable code after return statement
JavaScript warning: https://s3.music.126.net/web/s/core_92e2f959a68d86e9106fc1266ee33ccc.js?92e2f959a68d86e9106fc1266ee33ccc, line 94: unreachable code after return statement
JavaScript warning: https://s3.music.126.net/web/s/core_92e2f959a68d86e9106fc1266ee33ccc.js?92e2f959a68d86e9106fc1266ee33ccc, line 134: unreachable code after return statement
JavaScript error: resource:///actors/ContentMetaChild.jsm, line 167: InvalidStateError: An attempt was made to use an object that is not, or is no longer, usable
JavaScript warning: https://s3.music.126.net/web/s/core_92e2f959a68d86e9106fc1266ee33ccc.js?92e2f959a68d86e9106fc1266ee33ccc, line 94: unreachable code after return statement
JavaScript warning: https://s3.music.126.net/web/s/core_92e2f959a68d86e9106fc1266ee33ccc.js?92e2f959a68d86e9106fc1266ee33ccc, line 134: unreachable code after return statement
JavaScript warning: https://s3.music.126.net/web/s/core_92e2f959a68d86e9106fc1266ee33ccc.js?92e2f959a68d86e9106fc1266ee33ccc, line 94: unreachable code after return statement
JavaScript warning: https://s3.music.126.net/web/s/core_92e2f959a68d86e9106fc1266ee33ccc.js?92e2f959a68d86e9106fc1266ee33ccc, line 134: unreachable code after return statement
console.warn: "Got an unexpected frameLoad in the inspector, please file a bug on bugzilla.mozilla.org!"
console.trace: 
resource://devtools/shared/fronts/walker.js 352 getMutations
console.warn: "Got an unexpected frameLoad in the inspector, please file a bug on bugzilla.mozilla.org!"
console.trace: 
resource://devtools/shared/fronts/walker.js 352 getMutations
console.warn: "Got an unexpected frameLoad in the inspector, please file a bug on bugzilla.mozilla.org!"
console.trace: 
resource://devtools/shared/fronts/walker.js 352 getMutations
1586084363521	Marionette	INFO	Stopped listening on port 50625

###!!! [Child][RunMessage] Error: Channel closing: too late to send/recv, messages will be lost


###!!! [Child][MessageChannel::SendAndWait] Error: Channel error: cannot send/recv

1586085649375	mozrunner::runner	INFO	Running command: "C:\\Program Files\\Mozilla Firefox\\firefox.exe" "-marionette" "-foreground" "-no-remote" "-profile" "C:\\Users\\billie\\AppData\\Local\\Temp\\rust_mozprofileG8XRbm"
1586085649861	addons.webextension.doh-rollout@mozilla.org	WARN	Loading extension 'doh-rollout@mozilla.org': Reading manifest: Invalid extension permission: networkStatus
1586085650161	addons.webextension.screenshots@mozilla.org	WARN	Loading extension 'screenshots@mozilla.org': Reading manifest: Invalid extension permission: mozillaAddons
1586085650161	addons.webextension.screenshots@mozilla.org	WARN	Loading extension 'screenshots@mozilla.org': Reading manifest: Invalid extension permission: telemetry
1586085650161	addons.webextension.screenshots@mozilla.org	WARN	Loading extension 'screenshots@mozilla.org': Reading manifest: Invalid extension permission: resource://pdf.js/
1586085650161	addons.webextension.screenshots@mozilla.org	WARN	Loading extension 'screenshots@mozilla.org': Reading manifest: Invalid extension permission: about:reader*
JavaScript error: resource://gre/modules/XULStore.jsm, line 66: Error: Can't find profile directory.
1586085651783	Marionette	INFO	Listening on port 56684
1586085652115	Marionette	WARN	TLS certificate errors will be ignored for this session
JavaScript warning: https://s3.music.126.net/web/s/core_92e2f959a68d86e9106fc1266ee33ccc.js?92e2f959a68d86e9106fc1266ee33ccc, line 94: unreachable code after return statement
JavaScript warning: https://s3.music.126.net/web/s/core_92e2f959a68d86e9106fc1266ee33ccc.js?92e2f959a68d86e9106fc1266ee33ccc, line 134: unreachable code after return statement
JavaScript warning: https://s3.music.126.net/web/s/core_92e2f959a68d86e9106fc1266ee33ccc.js?92e2f959a68d86e9106fc1266ee33ccc, line 94: unreachable code after return statement
JavaScript warning: https://s3.music.126.net/web/s/core_92e2f959a68d86e9106fc1266ee33ccc.js?92e2f959a68d86e9106fc1266ee33ccc, line 134: unreachable code after return statement
JavaScript error: resource:///actors/ContentMetaChild.jsm, line 167: InvalidStateError: An attempt was made to use an object that is not, or is no longer, usable
1586087515624	Marionette	INFO	Stopped listening on port 56684

###!!! [Child][MessageChannel::SendAndWait] Error: Channel error: cannot send/recv

